2017-01-25 15:37:37 INFO  VKautorize:202 - 622894%2017-01-25 15:37:37 INFO  VKautorize:84 - Connect to VK%2017-01-25 15:37:37 INFO  VKautorize:108 - Connect success. ResponseStatus: 200%2017-01-25 15:37:38 INFO  VKautorize:148 - Get Q_HASH success. ResponseStatus: 302%2017-01-25 15:37:38 INFO  VKautorize:166 - Authorization success. ResponseStatus: 200%2017-01-25 15:37:38 INFO  VKautorize:226 - Comments posted. ResponseStatus: 200%2017-01-25 15:37:39 INFO  VKautorize:202 - 1461353%2017-01-25 15:37:39 INFO  VKautorize:84 - Connect to VK%2017-01-25 15:37:39 INFO  VKautorize:108 - Connect success. ResponseStatus: 200%2017-01-25 15:37:39 INFO  VKautorize:148 - Get Q_HASH success. ResponseStatus: 302%2017-01-25 15:37:39 INFO  VKautorize:166 - Authorization success. ResponseStatus: 200%2017-01-25 15:37:40 INFO  VKautorize:226 - Comments posted. ResponseStatus: 200%2017-01-25 15:39:53 INFO  VKautorize:202 - 622894% %
%2017-01-25 15:39:53 INFO  VKautorize:84 - Connect to VK% %
%2017-01-25 15:39:53 INFO  VKautorize:108 - Connect success. ResponseStatus: 200% %
%2017-01-25 15:39:53 INFO  VKautorize:148 - Get Q_HASH success. ResponseStatus: 302% %
%2017-01-25 15:39:54 INFO  VKautorize:166 - Authorization success. ResponseStatus: 200% %
%2017-01-25 15:39:54 INFO  VKautorize:226 - Comments posted. ResponseStatus: 200% %
%2017-01-25 15:39:54 INFO  VKautorize:227 - Post a comment: https://vk.com/tnull?w=wall-72495085_622894% %
%2017-01-25 15:39:54 INFO  VKautorize:202 - 1461353% %
%2017-01-25 15:39:54 INFO  VKautorize:84 - Connect to VK% %
%2017-01-25 15:39:54 INFO  VKautorize:108 - Connect success. ResponseStatus: 200% %
%2017-01-25 15:39:55 INFO  VKautorize:148 - Get Q_HASH success. ResponseStatus: 302% %
%2017-01-25 15:39:55 INFO  VKautorize:166 - Authorization success. ResponseStatus: 200% %
%2017-01-25 15:39:55 INFO  VKautorize:226 - Comments posted. ResponseStatus: 200% %
%2017-01-25 15:39:55 INFO  VKautorize:227 - Post a comment: https://vk.com/tproger?w=wall-30666517_1461353% %
%2017-01-25 15:48:32 INFO  VKautorize:202 - 622894%2017-01-25 15:48:32 INFO  VKautorize:84 - Connect to VK
%2017-01-25 15:48:32 INFO  VKautorize:108 - Connect success. ResponseStatus: 200
%2017-01-25 15:48:32 INFO  VKautorize:148 - Get Q_HASH success. ResponseStatus: 302
%2017-01-25 15:48:33 INFO  VKautorize:166 - Authorization success. ResponseStatus: 200
%2017-01-25 15:48:33 INFO  VKautorize:226 - Comments posted. ResponseStatus: 200
%2017-01-25 15:48:33 INFO  VKautorize:227 - Post a comment: https://vk.com/tnull?w=wall-72495085_622894
%2017-01-25 15:48:33 INFO  VKautorize:202 - 1461353%2017-01-25 15:48:33 INFO  VKautorize:84 - Connect to VK
%2017-01-25 15:48:33 INFO  VKautorize:108 - Connect success. ResponseStatus: 200
%2017-01-25 15:48:34 INFO  VKautorize:148 - Get Q_HASH success. ResponseStatus: 302
%2017-01-25 15:48:34 INFO  VKautorize:166 - Authorization success. ResponseStatus: 200
%2017-01-25 15:48:35 INFO  VKautorize:226 - Comments posted. ResponseStatus: 200
%2017-01-25 15:48:35 INFO  VKautorize:227 - Post a comment: https://vk.com/tproger?w=wall-30666517_1461353
%2017-01-25 15:49:27 INFO  VKautorize:202 - 622894%2017-01-25 15:49:27 INFO  VKautorize:84 - Connect to VK
%2017-01-25 15:49:28 INFO  VKautorize:108 - Connect success. ResponseStatus: 200
%2017-01-25 15:49:28 INFO  VKautorize:148 - Get Q_HASH success. ResponseStatus: 302
%2017-01-25 15:49:28 INFO  VKautorize:166 - Authorization success. ResponseStatus: 200
%2017-01-25 15:49:29 INFO  VKautorize:226 - Comments posted. ResponseStatus: 200
%2017-01-25 15:49:29 INFO  VKautorize:227 - Post a comment: https://vk.com/tnull?w=wall-72495085_622894
%2017-01-25 15:49:29 INFO  VKautorize:202 - 1461353%2017-01-25 15:49:29 INFO  VKautorize:84 - Connect to VK
%2017-01-25 15:49:29 INFO  VKautorize:108 - Connect success. ResponseStatus: 200
%2017-01-25 15:49:29 INFO  VKautorize:148 - Get Q_HASH success. ResponseStatus: 302
%2017-01-25 15:49:29 INFO  VKautorize:166 - Authorization success. ResponseStatus: 200
%2017-01-25 15:49:30 INFO  VKautorize:226 - Comments posted. ResponseStatus: 200
%2017-01-25 15:49:30 INFO  VKautorize:227 - Post a comment: https://vk.com/tproger?w=wall-30666517_1461353
%2017-01-25 15:52:44 INFO  VKautorize:202 - 622894%2017-01-25 15:52:44 INFO  VKautorize:84 - Connect to VK
%2017-01-25 15:52:45 INFO  VKautorize:108 - Connect success. ResponseStatus: 200
%2017-01-25 15:52:45 INFO  VKautorize:148 - Get Q_HASH success. ResponseStatus: 302
%2017-01-25 15:52:45 INFO  VKautorize:166 - Authorization success. ResponseStatus: 200
%2017-01-25 15:52:46 INFO  VKautorize:226 - Comments posted. ResponseStatus: 200
%2017-01-25 15:52:46 INFO  VKautorize:227 - Post a comment: https://vk.com/tnull?w=wall-72495085_622894
%2017-01-25 15:52:46 INFO  VKautorize:202 - 1461353%2017-01-25 15:52:46 INFO  VKautorize:84 - Connect to VK
%2017-01-25 15:52:46 INFO  VKautorize:108 - Connect success. ResponseStatus: 200
%2017-01-25 15:52:46 INFO  VKautorize:148 - Get Q_HASH success. ResponseStatus: 302
%2017-01-25 15:52:46 INFO  VKautorize:166 - Authorization success. ResponseStatus: 200
%2017-01-25 15:52:47 INFO  VKautorize:226 - Comments posted. ResponseStatus: 200
%2017-01-25 15:52:47 INFO  VKautorize:227 - Post a comment: https://vk.com/tproger?w=wall-30666517_1461353
%2017-01-25 16:04:08 INFO  VKautorize:202 - 622894%2017-01-25 16:04:08 INFO  VKautorize:84 - Connect to VK
%2017-01-25 16:04:08 INFO  VKautorize:108 - Connect success. ResponseStatus: 200
%2017-01-25 16:04:08 INFO  VKautorize:148 - Get Q_HASH success. ResponseStatus: 302
%2017-01-25 16:04:09 INFO  VKautorize:166 - Authorization success. ResponseStatus: 200
%2017-01-25 16:04:09 INFO  VKautorize:226 - Comments posted. ResponseStatus: 200
%2017-01-25 16:04:09 INFO  VKautorize:227 - Post a comment: https://vk.com/tnull?w=wall-72495085_622894
%2017-01-25 16:04:09 INFO  VKautorize:202 - 1461353%2017-01-25 16:04:09 INFO  VKautorize:84 - Connect to VK
%2017-01-25 16:04:09 INFO  VKautorize:108 - Connect success. ResponseStatus: 200
%2017-01-25 16:04:10 INFO  VKautorize:148 - Get Q_HASH success. ResponseStatus: 302
%2017-01-25 16:04:10 INFO  VKautorize:166 - Authorization success. ResponseStatus: 200
%2017-01-25 16:04:10 INFO  VKautorize:226 - Comments posted. ResponseStatus: 200
%2017-01-25 16:04:10 INFO  VKautorize:227 - Post a comment: https://vk.com/tproger?w=wall-30666517_1461353
%2017-01-25 16:06:27 INFO  VKautorize:202 - 622894%2017-01-25 16:06:27 INFO  VKautorize:84 - Connect to VK
%2017-01-25 16:06:28 INFO  VKautorize:108 - Connect success. ResponseStatus: 200
%2017-01-25 16:06:28 INFO  VKautorize:148 - Get Q_HASH success. ResponseStatus: 302
%2017-01-25 16:06:28 INFO  VKautorize:166 - Authorization success. ResponseStatus: 200
%2017-01-25 16:06:29 INFO  VKautorize:226 - Comments posted. ResponseStatus: 200
%2017-01-25 16:06:29 INFO  VKautorize:227 - Post a comment: https://vk.com/tnull?w=wall-72495085_622894
%2017-01-25 16:06:29 INFO  VKautorize:202 - 1461353%2017-01-25 16:06:29 INFO  VKautorize:84 - Connect to VK
%2017-01-25 16:06:29 INFO  VKautorize:108 - Connect success. ResponseStatus: 200
%2017-01-25 16:06:29 INFO  VKautorize:148 - Get Q_HASH success. ResponseStatus: 302
%2017-01-25 16:06:29 INFO  VKautorize:166 - Authorization success. ResponseStatus: 200
%2017-01-25 16:06:30 INFO  VKautorize:226 - Comments posted. ResponseStatus: 200
%2017-01-25 16:06:30 INFO  VKautorize:227 - Post a comment: https://vk.com/tproger?w=wall-30666517_1461353
%2017-01-25 16:08:49 INFO  VKautorize:202 - 622894%2017-01-25 16:08:49 INFO  VKautorize:84 - Connect to VK
%2017-01-25 16:08:49 INFO  VKautorize:108 - Connect success. ResponseStatus: 200
%2017-01-25 16:08:49 INFO  VKautorize:148 - Get Q_HASH success. ResponseStatus: 302
%2017-01-25 16:08:49 INFO  VKautorize:166 - Authorization success. ResponseStatus: 200
%2017-01-25 16:08:50 INFO  VKautorize:226 - Comments posted. ResponseStatus: 200
%2017-01-25 16:08:50 INFO  VKautorize:227 - Post a comment: https://vk.com/tnull?w=wall-72495085_622894
%2017-01-25 16:08:50 INFO  VKautorize:202 - 1461353%2017-01-25 16:08:50 INFO  VKautorize:84 - Connect to VK
%2017-01-25 16:08:50 INFO  VKautorize:108 - Connect success. ResponseStatus: 200
%2017-01-25 16:08:50 INFO  VKautorize:148 - Get Q_HASH success. ResponseStatus: 302
%2017-01-25 16:08:51 INFO  VKautorize:166 - Authorization success. ResponseStatus: 200
%2017-01-25 16:08:51 INFO  VKautorize:226 - Comments posted. ResponseStatus: 200
%2017-01-25 16:08:51 INFO  VKautorize:227 - Post a comment: https://vk.com/tproger?w=wall-30666517_1461353
%2017-01-25 16:10:26 INFO  VKautorize:202 - 622894%2017-01-25 16:10:26 INFO  VKautorize:84 - Connect to VK
%2017-01-25 16:10:26 INFO  VKautorize:108 - Connect success. ResponseStatus: 200
%2017-01-25 16:10:26 INFO  VKautorize:148 - Get Q_HASH success. ResponseStatus: 302
%2017-01-25 16:10:26 INFO  VKautorize:166 - Authorization success. ResponseStatus: 200
%2017-01-25 16:10:27 INFO  VKautorize:226 - Comments posted. ResponseStatus: 200
%2017-01-25 16:10:27 INFO  VKautorize:227 - Post a comment: https://vk.com/tnull?w=wall-72495085_622894
%2017-01-25 16:10:27 INFO  VKautorize:202 - 1461353%2017-01-25 16:10:27 INFO  VKautorize:84 - Connect to VK
%2017-01-25 16:10:27 INFO  VKautorize:108 - Connect success. ResponseStatus: 200
%2017-01-25 16:10:27 INFO  VKautorize:148 - Get Q_HASH success. ResponseStatus: 302
%2017-01-25 16:10:28 INFO  VKautorize:166 - Authorization success. ResponseStatus: 200
%2017-01-25 16:10:28 INFO  VKautorize:226 - Comments posted. ResponseStatus: 200
%2017-01-25 16:10:28 INFO  VKautorize:227 - Post a comment: https://vk.com/tproger?w=wall-30666517_1461353
%2017-01-25 16:18:27 INFO  VKautorize:203 - 622894%2017-01-25 16:18:27 INFO  VKautorize:85 - Connect to VK
%2017-01-25 16:18:28 INFO  VKautorize:109 - Connect success. ResponseStatus: 200
%2017-01-25 16:18:28 INFO  VKautorize:149 - Get Q_HASH success. ResponseStatus: 302
%2017-01-25 16:18:28 INFO  VKautorize:167 - Authorization success. ResponseStatus: 200
%2017-01-25 16:18:29 INFO  VKautorize:227 - Comments posted. ResponseStatus: 200
%2017-01-25 16:18:29 INFO  VKautorize:228 - Post a comment: https://vk.com/tnull?w=wall-72495085_622894
%2017-01-25 16:18:29 INFO  VKautorize:203 - 1461402%2017-01-25 16:18:29 INFO  VKautorize:85 - Connect to VK
%2017-01-25 16:18:29 INFO  VKautorize:109 - Connect success. ResponseStatus: 200
%2017-01-25 16:18:29 INFO  VKautorize:149 - Get Q_HASH success. ResponseStatus: 302
%2017-01-25 16:18:29 INFO  VKautorize:167 - Authorization success. ResponseStatus: 200
%2017-01-25 16:18:30 INFO  VKautorize:227 - Comments posted. ResponseStatus: 200
%2017-01-25 16:18:30 INFO  VKautorize:228 - Post a comment: https://vk.com/tproger?w=wall-30666517_1461402
%2017-01-25 16:22:55 INFO  VKautorize:203 - 622894%2017-01-25 16:22:55 INFO  VKautorize:85 - Connect to VK
%2017-01-25 16:22:55 INFO  VKautorize:109 - Connect success. ResponseStatus: 200
%2017-01-25 16:22:55 INFO  VKautorize:149 - Get Q_HASH success. ResponseStatus: 302
%2017-01-25 16:22:56 INFO  VKautorize:167 - Authorization success. ResponseStatus: 200
%2017-01-25 16:22:56 INFO  VKautorize:227 - Comments posted. ResponseStatus: 200
%2017-01-25 16:22:56 INFO  VKautorize:228 - Post a comment: https://vk.com/tnull?w=wall-72495085_622894
%2017-01-25 16:22:56 INFO  VKautorize:203 - 1461402%2017-01-25 16:22:56 INFO  VKautorize:85 - Connect to VK
%2017-01-25 16:22:56 INFO  VKautorize:109 - Connect success. ResponseStatus: 200
%2017-01-25 16:22:56 INFO  VKautorize:149 - Get Q_HASH success. ResponseStatus: 302
%2017-01-25 16:22:56 INFO  VKautorize:167 - Authorization success. ResponseStatus: 200
%2017-01-25 16:22:57 INFO  VKautorize:227 - Comments posted. ResponseStatus: 200
%2017-01-25 16:22:57 INFO  VKautorize:228 - Post a comment: https://vk.com/tproger?w=wall-30666517_1461402
%2017-01-25 16:26:40 INFO  VKautorize:203 - 622894%2017-01-25 16:26:40 INFO  VKautorize:85 - Connect to VK
%2017-01-25 16:26:40 INFO  VKautorize:109 - Connect success. ResponseStatus: 200
%2017-01-25 16:26:40 INFO  VKautorize:149 - Get Q_HASH success. ResponseStatus: 302
%2017-01-25 16:26:41 INFO  VKautorize:167 - Authorization success. ResponseStatus: 200
%2017-01-25 16:26:41 INFO  VKautorize:227 - Comments posted. ResponseStatus: 200
%2017-01-25 16:26:41 INFO  VKautorize:228 - Post a comment: https://vk.com/tnull?w=wall-72495085_622894
%2017-01-25 16:26:41 INFO  VKautorize:203 - 1461402%2017-01-25 16:26:41 INFO  VKautorize:85 - Connect to VK
%2017-01-25 16:26:41 INFO  VKautorize:109 - Connect success. ResponseStatus: 200
%2017-01-25 16:26:41 INFO  VKautorize:149 - Get Q_HASH success. ResponseStatus: 302
%2017-01-25 16:26:42 INFO  VKautorize:167 - Authorization success. ResponseStatus: 200
%2017-01-25 16:26:42 INFO  VKautorize:227 - Comments posted. ResponseStatus: 200
%2017-01-25 16:26:42 INFO  VKautorize:228 - Post a comment: https://vk.com/tproger?w=wall-30666517_1461402
%2017-01-25 16:36:59 INFO  VKautorize:203 - 622894%2017-01-25 16:36:59 INFO  VKautorize:85 - Connect to VK
%2017-01-25 16:37:00 INFO  VKautorize:109 - Connect success. ResponseStatus: 200
%2017-01-25 16:37:00 INFO  VKautorize:149 - Get Q_HASH success. ResponseStatus: 302
%2017-01-25 16:37:00 INFO  VKautorize:167 - Authorization success. ResponseStatus: 200
%2017-01-25 16:37:00 INFO  VKautorize:227 - Comments posted. ResponseStatus: 200
%2017-01-25 16:37:00 INFO  VKautorize:228 - Post a comment: https://vk.com/tnull?w=wall-72495085_622894
%2017-01-25 16:37:01 INFO  VKautorize:203 - 1461402%2017-01-25 16:37:01 INFO  VKautorize:85 - Connect to VK
%2017-01-25 16:37:01 INFO  VKautorize:109 - Connect success. ResponseStatus: 200
%2017-01-25 16:37:01 INFO  VKautorize:149 - Get Q_HASH success. ResponseStatus: 302
%2017-01-25 16:37:01 INFO  VKautorize:167 - Authorization success. ResponseStatus: 200
%2017-01-25 16:37:01 INFO  VKautorize:227 - Comments posted. ResponseStatus: 200
%2017-01-25 16:37:01 INFO  VKautorize:228 - Post a comment: https://vk.com/tproger?w=wall-30666517_1461402
%2017-01-25 16:38:15 INFO  VKautorize:203 - 622894%2017-01-25 16:38:15 INFO  VKautorize:85 - Connect to VK
%2017-01-25 16:38:15 INFO  VKautorize:109 - Connect success. ResponseStatus: 200
%2017-01-25 16:38:16 INFO  VKautorize:149 - Get Q_HASH success. ResponseStatus: 302
%2017-01-25 16:38:16 INFO  VKautorize:167 - Authorization success. ResponseStatus: 200
%2017-01-25 16:38:16 INFO  VKautorize:227 - Comments posted. ResponseStatus: 200
%2017-01-25 16:38:16 INFO  VKautorize:228 - Post a comment: https://vk.com/tnull?w=wall-72495085_622894
%2017-01-25 16:38:16 INFO  VKautorize:203 - 1461402%2017-01-25 16:38:16 INFO  VKautorize:85 - Connect to VK
%2017-01-25 16:38:16 INFO  VKautorize:109 - Connect success. ResponseStatus: 200
%2017-01-25 16:38:17 INFO  VKautorize:149 - Get Q_HASH success. ResponseStatus: 302
%2017-01-25 16:38:17 INFO  VKautorize:167 - Authorization success. ResponseStatus: 200
%2017-01-25 16:38:17 INFO  VKautorize:227 - Comments posted. ResponseStatus: 200
%2017-01-25 16:38:17 INFO  VKautorize:228 - Post a comment: https://vk.com/tproger?w=wall-30666517_1461402
%2017-01-25 16:43:15 INFO  VKautorize:203 - 622894%2017-01-25 16:43:15 INFO  VKautorize:85 - Connect to VK
%2017-01-25 16:43:15 INFO  VKautorize:109 - Connect success. ResponseStatus: 200
%2017-01-25 16:43:15 INFO  VKautorize:149 - Get Q_HASH success. ResponseStatus: 302
%2017-01-25 16:43:15 INFO  VKautorize:167 - Authorization success. ResponseStatus: 200
%2017-01-25 16:43:16 INFO  VKautorize:227 - Comments posted. ResponseStatus: 200
%2017-01-25 16:43:16 INFO  VKautorize:228 - Post a comment: https://vk.com/tnull?w=wall-72495085_622894
%2017-01-25 16:43:16 INFO  VKautorize:203 - 1461402%2017-01-25 16:43:16 INFO  VKautorize:85 - Connect to VK
%2017-01-25 16:43:16 INFO  VKautorize:109 - Connect success. ResponseStatus: 200
%2017-01-25 16:43:16 INFO  VKautorize:149 - Get Q_HASH success. ResponseStatus: 302
%2017-01-25 16:43:16 INFO  VKautorize:167 - Authorization success. ResponseStatus: 200
%2017-01-25 16:43:17 INFO  VKautorize:227 - Comments posted. ResponseStatus: 200
%2017-01-25 16:43:17 INFO  VKautorize:228 - Post a comment: https://vk.com/tproger?w=wall-30666517_1461402
%2017-01-25 16:46:38 INFO  VKautorize:203 - 622894%2017-01-25 16:46:38 INFO  VKautorize:85 - Connect to VK
%2017-01-25 16:46:39 INFO  VKautorize:109 - Connect success. ResponseStatus: 200
%2017-01-25 16:46:39 INFO  VKautorize:149 - Get Q_HASH success. ResponseStatus: 302
%2017-01-25 16:46:39 INFO  VKautorize:167 - Authorization success. ResponseStatus: 200
%2017-01-25 16:46:40 INFO  VKautorize:227 - Comments posted. ResponseStatus: 200
%2017-01-25 16:46:40 INFO  VKautorize:228 - Post a comment: https://vk.com/tnull?w=wall-72495085_622894
%2017-01-25 16:46:40 INFO  VKautorize:203 - 1461402%2017-01-25 16:46:40 INFO  VKautorize:85 - Connect to VK
%2017-01-25 16:46:40 INFO  VKautorize:109 - Connect success. ResponseStatus: 200
%2017-01-25 16:46:40 INFO  VKautorize:149 - Get Q_HASH success. ResponseStatus: 302
%2017-01-25 16:46:40 INFO  VKautorize:167 - Authorization success. ResponseStatus: 200
%2017-01-25 16:46:41 INFO  VKautorize:227 - Comments posted. ResponseStatus: 200
%2017-01-25 16:46:41 INFO  VKautorize:228 - Post a comment: https://vk.com/tproger?w=wall-30666517_1461402
%2017-01-25 16:55:45 INFO  VKautorize:203 - 623027%2017-01-25 16:55:45 INFO  VKautorize:85 - Connect to VK
%2017-01-25 16:55:45 INFO  VKautorize:109 - Connect success. ResponseStatus: 200
%2017-01-25 16:55:45 INFO  VKautorize:149 - Get Q_HASH success. ResponseStatus: 302
%2017-01-25 16:55:46 INFO  VKautorize:167 - Authorization success. ResponseStatus: 200
%2017-01-25 16:55:46 INFO  VKautorize:230 - Comments posted. ResponseStatus: 200
%2017-01-25 16:55:46 INFO  VKautorize:231 - Post a comment: https://vk.com/tnull?w=wall-72495085_623027
%2017-01-25 16:55:46 INFO  VKautorize:203 - 1461402%2017-01-25 16:55:46 INFO  VKautorize:85 - Connect to VK
%2017-01-25 16:55:46 INFO  VKautorize:109 - Connect success. ResponseStatus: 200
%2017-01-25 16:55:47 INFO  VKautorize:149 - Get Q_HASH success. ResponseStatus: 302
%2017-01-25 16:55:47 INFO  VKautorize:167 - Authorization success. ResponseStatus: 200
%2017-01-25 16:55:47 INFO  VKautorize:230 - Comments posted. ResponseStatus: 200
%2017-01-25 16:55:47 INFO  VKautorize:231 - Post a comment: https://vk.com/tproger?w=wall-30666517_1461402
%2017-01-25 16:58:26 INFO  VKautorize:203 - 623027%2017-01-25 16:58:26 INFO  VKautorize:85 - Connect to VK
%2017-01-25 16:58:27 INFO  VKautorize:109 - Connect success. ResponseStatus: 200
%2017-01-25 16:58:27 INFO  VKautorize:149 - Get Q_HASH success. ResponseStatus: 302
%2017-01-25 16:58:27 INFO  VKautorize:167 - Authorization success. ResponseStatus: 200
%2017-01-25 16:58:28 INFO  VKautorize:230 - Comments posted. ResponseStatus: 200
%2017-01-25 16:58:28 INFO  VKautorize:231 - Post a comment: https://vk.com/tnull?w=wall-72495085_623027
%2017-01-25 16:58:28 INFO  VKautorize:203 - 1461402%2017-01-25 16:58:28 INFO  VKautorize:85 - Connect to VK
%2017-01-25 16:58:28 INFO  VKautorize:109 - Connect success. ResponseStatus: 200
%2017-01-25 16:58:28 INFO  VKautorize:149 - Get Q_HASH success. ResponseStatus: 302
%2017-01-25 16:58:28 INFO  VKautorize:167 - Authorization success. ResponseStatus: 200
%2017-01-25 16:58:29 INFO  VKautorize:230 - Comments posted. ResponseStatus: 200
%2017-01-25 16:58:29 INFO  VKautorize:231 - Post a comment: https://vk.com/tproger?w=wall-30666517_1461402
%2017-01-25 17:08:50 INFO  VKautorize:200 - 623027%2017-01-25 17:08:50 INFO  VKautorize:85 - Connect to VK
%2017-01-25 17:08:51 INFO  VKautorize:109 - Connect success. ResponseStatus: 200
%2017-01-25 17:08:51 INFO  VKautorize:149 - Get Q_HASH success. ResponseStatus: 302
%2017-01-25 17:08:51 INFO  VKautorize:167 - Authorization success. ResponseStatus: 200
%2017-01-25 17:08:51 INFO  VKautorize:226 - Comments posted. ResponseStatus: 200
%2017-01-25 17:08:51 INFO  VKautorize:227 - Post a comment: https://vk.com/tnull?w=wall-72495085_623027
%2017-01-25 17:08:52 INFO  VKautorize:200 - 1461402%2017-01-25 17:08:52 INFO  VKautorize:85 - Connect to VK
%2017-01-25 17:25:49 INFO  VKautorize:204 - 623027%2017-01-25 17:25:49 INFO  VKautorize:88 - Connect to VK
%2017-01-25 17:25:49 INFO  VKautorize:112 - Connect success. ResponseStatus: 200
%2017-01-25 17:25:49 INFO  VKautorize:152 - Get Q_HASH success. ResponseStatus: 302
%2017-01-25 17:25:49 INFO  VKautorize:171 - Authorization success. ResponseStatus: 200
%2017-01-25 17:30:53 INFO  VKautorize:229 - Comments posted. ResponseStatus: 200
%2017-01-25 17:30:53 INFO  VKautorize:230 - Post a comment: https://vk.com/tnull?w=wall-72495085_623027
%2017-01-25 17:31:00 INFO  VKautorize:204 - 1461402%2017-01-25 17:31:00 INFO  VKautorize:88 - Connect to VK
%2017-01-25 17:33:22 INFO  VKautorize:208 - 623027%2017-01-25 17:33:51 INFO  VKautorize:89 - Connect to VK
%2017-01-25 17:33:51 INFO  VKautorize:113 - Connect success. ResponseStatus: 200
%2017-01-25 17:33:51 INFO  VKautorize:153 - Get Q_HASH success. ResponseStatus: 302
%2017-01-25 17:33:51 INFO  VKautorize:175 - Authorization success. ResponseStatus: 200
%2017-01-25 17:34:39 INFO  VKautorize:208 - 623027%2017-01-25 17:34:40 INFO  VKautorize:89 - Connect to VK
%2017-01-25 17:34:40 INFO  VKautorize:113 - Connect success. ResponseStatus: 200
%2017-01-25 17:34:40 INFO  VKautorize:153 - Get Q_HASH success. ResponseStatus: 302
%2017-01-25 17:34:41 INFO  VKautorize:175 - Authorization success. ResponseStatus: 200
%2017-01-25 17:34:47 INFO  VKautorize:233 - Comments posted. ResponseStatus: 200
%2017-01-25 17:34:47 INFO  VKautorize:234 - Post a comment: https://vk.com/tnull?w=wall-72495085_623027
%2017-01-25 17:34:48 INFO  VKautorize:208 - 1461402%2017-01-25 17:34:49 INFO  VKautorize:89 - Connect to VK
%2017-01-25 17:43:04 INFO  VKautorize:211 - 623027%2017-01-25 17:43:04 INFO  VKautorize:89 - Connect to VK
%2017-01-25 17:43:04 INFO  VKautorize:113 - Connect success. ResponseStatus: 200
%2017-01-25 17:43:04 INFO  VKautorize:153 - Get Q_HASH success. ResponseStatus: 302
%2017-01-25 17:43:05 INFO  VKautorize:175 - Authorization success. ResponseStatus: 200
%2017-01-25 17:43:05 INFO  VKautorize:236 - Comments posted. ResponseStatus: 200
%2017-01-25 17:43:05 INFO  VKautorize:237 - Post a comment: https://vk.com/tnull?w=wall-72495085_623027
%2017-01-25 17:43:05 INFO  VKautorize:211 - 1461402%2017-01-25 17:43:05 INFO  VKautorize:89 - Connect to VK
%2017-01-25 17:43:05 INFO  VKautorize:113 - Connect success. ResponseStatus: 200
%2017-01-25 17:43:06 INFO  VKautorize:153 - Get Q_HASH success. ResponseStatus: 302
%2017-01-25 17:43:06 INFO  VKautorize:175 - Authorization success. ResponseStatus: 200
%2017-01-25 17:43:06 INFO  VKautorize:236 - Comments posted. ResponseStatus: 200
%2017-01-25 17:43:06 INFO  VKautorize:237 - Post a comment: https://vk.com/tproger?w=wall-30666517_1461402
%2017-01-25 17:47:07 INFO  VKautorize:211 - 623027%2017-01-25 17:47:07 INFO  VKautorize:89 - Connect to VK
%2017-01-25 17:47:07 INFO  VKautorize:113 - Connect success. ResponseStatus: 200
%2017-01-25 17:47:07 INFO  VKautorize:153 - Get Q_HASH success. ResponseStatus: 302
%2017-01-25 17:47:07 INFO  VKautorize:175 - Authorization success. ResponseStatus: 200
%2017-01-25 17:47:08 INFO  VKautorize:237 - Comments posted. ResponseStatus: 200
%2017-01-25 17:47:08 INFO  VKautorize:238 - Post a comment: https://vk.com/tnull?w=wall-72495085_623027
%2017-01-25 17:47:08 INFO  VKautorize:211 - 1461402%2017-01-25 17:47:08 INFO  VKautorize:89 - Connect to VK
%2017-01-25 17:47:08 INFO  VKautorize:113 - Connect success. ResponseStatus: 200
%2017-01-25 17:47:08 INFO  VKautorize:153 - Get Q_HASH success. ResponseStatus: 302
%2017-01-25 17:47:08 INFO  VKautorize:175 - Authorization success. ResponseStatus: 200
%2017-01-25 17:47:09 INFO  VKautorize:237 - Comments posted. ResponseStatus: 200
%2017-01-25 17:47:09 INFO  VKautorize:238 - Post a comment: https://vk.com/tproger?w=wall-30666517_1461402
%2017-01-25 17:48:46 INFO  VKautorize:211 - 623027%2017-01-25 17:48:46 INFO  VKautorize:89 - Connect to VK
%2017-01-25 17:48:46 INFO  VKautorize:113 - Connect success. ResponseStatus: 200
%2017-01-25 17:48:46 INFO  VKautorize:153 - Get Q_HASH success. ResponseStatus: 302
%2017-01-25 17:48:46 INFO  VKautorize:175 - Authorization success. ResponseStatus: 200
%2017-01-25 17:48:47 INFO  VKautorize:236 - Comments posted. ResponseStatus: 200
%2017-01-25 17:48:47 INFO  VKautorize:237 - Post a comment: https://vk.com/tnull?w=wall-72495085_623027
%2017-01-25 17:48:47 INFO  VKautorize:211 - 1461402%2017-01-25 17:48:47 INFO  VKautorize:89 - Connect to VK
%2017-01-25 17:48:47 INFO  VKautorize:113 - Connect success. ResponseStatus: 200
%2017-01-25 17:48:47 INFO  VKautorize:153 - Get Q_HASH success. ResponseStatus: 302
%2017-01-25 17:48:47 INFO  VKautorize:175 - Authorization success. ResponseStatus: 200
%2017-01-25 17:48:48 INFO  VKautorize:236 - Comments posted. ResponseStatus: 200
%2017-01-25 17:48:48 INFO  VKautorize:237 - Post a comment: https://vk.com/tproger?w=wall-30666517_1461402
%2017-01-25 17:53:57 INFO  VKautorize:211 - 623027%2017-01-25 17:53:57 INFO  VKautorize:89 - Connect to VK
%2017-01-25 17:53:57 INFO  VKautorize:113 - Connect success. ResponseStatus: 200
%2017-01-25 17:53:57 INFO  VKautorize:153 - Get Q_HASH success. ResponseStatus: 302
%2017-01-25 17:53:57 INFO  VKautorize:175 - Authorization success. ResponseStatus: 200
%2017-01-25 17:53:58 INFO  VKautorize:238 - Comments posted. ResponseStatus: 200
%2017-01-25 17:53:58 INFO  VKautorize:239 - Post a comment: https://vk.com/tnull?w=wall-72495085_623027
%2017-01-25 17:53:58 INFO  VKautorize:211 - 1461402%2017-01-25 17:53:58 INFO  VKautorize:89 - Connect to VK
%2017-01-25 17:53:58 INFO  VKautorize:113 - Connect success. ResponseStatus: 200
%2017-01-25 17:53:58 INFO  VKautorize:153 - Get Q_HASH success. ResponseStatus: 302
%2017-01-25 17:53:59 INFO  VKautorize:175 - Authorization success. ResponseStatus: 200
%2017-01-25 17:53:59 INFO  VKautorize:238 - Comments posted. ResponseStatus: 200
%2017-01-25 17:53:59 INFO  VKautorize:239 - Post a comment: https://vk.com/tproger?w=wall-30666517_1461402
%2017-01-25 17:55:30 INFO  VKautorize:211 - 623027%2017-01-25 17:55:30 INFO  VKautorize:89 - Connect to VK
%2017-01-25 17:55:30 INFO  VKautorize:113 - Connect success. ResponseStatus: 200
%2017-01-25 17:55:30 INFO  VKautorize:153 - Get Q_HASH success. ResponseStatus: 302
%2017-01-25 17:55:30 INFO  VKautorize:175 - Authorization success. ResponseStatus: 200
%2017-01-25 17:55:31 INFO  VKautorize:238 - Comments posted. ResponseStatus: 200
%2017-01-25 17:55:31 INFO  VKautorize:239 - Post a comment: https://vk.com/tnull?w=wall-72495085_623027
%2017-01-25 17:55:31 INFO  VKautorize:211 - 1461402%2017-01-25 17:55:31 INFO  VKautorize:89 - Connect to VK
%2017-01-25 17:55:31 INFO  VKautorize:113 - Connect success. ResponseStatus: 200
%2017-01-25 17:55:31 INFO  VKautorize:153 - Get Q_HASH success. ResponseStatus: 302
%2017-01-25 17:55:31 INFO  VKautorize:175 - Authorization success. ResponseStatus: 200
%2017-01-25 17:55:32 INFO  VKautorize:238 - Comments posted. ResponseStatus: 200
%2017-01-25 17:55:32 INFO  VKautorize:239 - Post a comment: https://vk.com/tproger?w=wall-30666517_1461402
%